
this name of picture is : Boris-Cassel.jpg and use the filter  : Team
the name of  picture is : brolaf.jpg and use the filter : Team
the name of  picture is : le-chanteur-antoine.jpg and use the filter : Team
the name of  picture is : IMG_6492.jpg and use the filter : Team
the name of  picture is : IMG_6650.jpg and use the filter : Team
the name of  picture is : ted.jpg and use the filter : Team
the name of  picture is : Boris-Cassel.jpg and use the filter : Team
the name of  picture is : brolaf.jpg and use the filter : Team
the name of  picture is : le-chanteur-antoine.jpg and use the filter : Team
the name of  picture is : IMG_6492.jpg and use the filter : Team
the name of  picture is : IMG_6650.jpg and use the filter : Team
the name of  picture is : ted.jpg and use the filter : Team
the name of  picture is : Boris-Cassel.jpg and use the filter : Team
the name of  picture is : brolaf.jpg and use the filter : Team
the name of  picture is : le-chanteur-antoine.jpg and use the filter : Team
the name of  picture is : IMG_6492.jpg and use the filter : Team
the name of  picture is : IMG_6650.jpg and use the filter : Team
the name of  picture is : ted.jpg and use the filter : Team
the name of  picture is : Boris-Cassel.jpg and use the filter : Team
the name of  picture is : brolaf.jpg and use the filter : Team
the name of  picture is : le-chanteur-antoine.jpg and use the filter : Team
the name of  picture is : IMG_6492.jpg and use the filter : Team
the name of  picture is : IMG_6650.jpg and use the filter : Team
the name of  picture is : ted.jpg and use the filter : Team
the name of  picture is : Boris-Cassel.jpg and use the filter : Team
the name of  picture is : brolaf.jpg and use the filter : Team
the name of  picture is : le-chanteur-antoine.jpg and use the filter : Team
the name of  picture is : IMG_6492.jpg and use the filter : Team
the name of  picture is : IMG_6650.jpg and use the filter : Team
the name of  picture is : ted.jpg and use the filter : Team
the name of  picture is : Boris-Cassel.jpg and use the filter : Team
the name of  picture is : brolaf.jpg and use the filter : Team
the name of  picture is : le-chanteur-antoine.jpg and use the filter : Team
the name of  picture is : IMG_6492.jpg and use the filter : Team
the name of  picture is : IMG_6650.jpg and use the filter : Team
the name of  picture is : ted.jpg and use the filter : Team
the name of  picture is : Boris-Cassel.jpg and use the filter : Team
the name of  picture is : brolaf.jpg and use the filter : Team
the name of  picture is : le-chanteur-antoine.jpg and use the filter : Team
the name of  picture is : IMG_6492.jpg and use the filter : Team
the name of  picture is : IMG_6650.jpg and use the filter : Team
the name of  picture is : ted.jpg and use the filter : Team
the name of  picture is : Boris-Cassel.jpg and use the filter : Team
the name of  picture is : brolaf.jpg and use the filter : Team
the name of  picture is : le-chanteur-antoine.jpg and use the filter : Team
the name of  picture is : IMG_6492.jpg and use the filter : Team
the name of  picture is : IMG_6650.jpg and use the filter : Team
the name of  picture is : ted.jpg and use the filter : Team
the name of  picture is : Boris-Cassel.jpg and use the filter : Team
the name of  picture is : brolaf.jpg and use the filter : Team
the name of  picture is : le-chanteur-antoine.jpg and use the filter : Team
the name of  picture is : IMG_6492.jpg and use the filter : Team
the name of  picture is : IMG_6650.jpg and use the filter : Team
the name of  picture is : ted.jpg and use the filter : Team
the name of  picture is : Boris-Cassel.jpg and use the filter : Team
the name of  picture is : brolaf.jpg and use the filter : Team
the name of  picture is : le-chanteur-antoine.jpg and use the filter : Team
the name of  picture is : IMG_6492.jpg and use the filter : Team
the name of  picture is : IMG_6650.jpg and use the filter : Team
the name of  picture is : ted.jpg and use the filter : Team
the name of  picture is : Boris-Cassel.jpg and use the filter : Team
the name of  picture is : brolaf.jpg and use the filter : Team
the name of  picture is : le-chanteur-antoine.jpg and use the filter : Team
the name of  picture is : IMG_6492.jpg and use the filter : Team
the name of  picture is : IMG_6650.jpg and use the filter : Team
the name of  picture is : ted.jpg and use the filter : Team
the name of  picture is : Boris-Cassel.jpg and use the filter : Team
the name of  picture is : brolaf.jpg and use the filter : Team
the name of  picture is : le-chanteur-antoine.jpg and use the filter : Team
the name of  picture is : IMG_6492.jpg and use the filter : Team
the name of  picture is : IMG_6650.jpg and use the filter : Team
the name of  picture is : ted.jpg and use the filter : Team
the name of  picture is : Boris-Cassel.jpg and use the filter : Team
the name of  picture is : brolaf.jpg and use the filter : Team
the name of  picture is : le-chanteur-antoine.jpg and use the filter : Team
the name of  picture is : IMG_6492.jpg and use the filter : Team
the name of  picture is : IMG_6650.jpg and use the filter : Team
the name of  picture is : ted.jpg and use the filter : Team
the name of  picture is : Boris-Cassel.jpg and use the filter : Team
the name of  picture is : brolaf.jpg and use the filter : Team
the name of  picture is : le-chanteur-antoine.jpg and use the filter : Team
the name of  picture is : IMG_6492.jpg and use the filter : Team
the name of  picture is : IMG_6650.jpg and use the filter : Team
the name of  picture is : ted.jpg and use the filter : Team
the name of  picture is : Boris-Cassel.jpg and use the filter : Team
the name of  picture is : brolaf.jpg and use the filter : Team
the name of  picture is : le-chanteur-antoine.jpg and use the filter : Team
the name of  picture is : IMG_6492.jpg and use the filter : Team
the name of  picture is : IMG_6650.jpg and use the filter : Team
the name of  picture is : ted.jpg and use the filter : Team
the name of  picture is : Boris-Cassel.jpg and use the filter : Team
the name of  picture is : brolaf.jpg and use the filter : Team
the name of  picture is : le-chanteur-antoine.jpg and use the filter : Team
the name of  picture is : IMG_6492.jpg and use the filter : Team
the name of  picture is : IMG_6650.jpg and use the filter : Team
the name of  picture is : ted.jpg and use the filter : Team
the name of  picture is : Boris-Cassel.jpg and use the filter : Team
the name of  picture is : brolaf.jpg and use the filter : Team
the name of  picture is : le-chanteur-antoine.jpg and use the filter : Team
the name of  picture is : IMG_6492.jpg and use the filter : Team
the name of  picture is : IMG_6650.jpg and use the filter : Team
the name of  picture is : ted.jpg and use the filter : Team
the name of  picture is : Boris-Cassel.jpg and use the filter : Team
the name of  picture is : brolaf.jpg and use the filter : Team
the name of  picture is : le-chanteur-antoine.jpg and use the filter : Team
the name of  picture is : IMG_6492.jpg and use the filter : Team
the name of  picture is : IMG_6650.jpg and use the filter : Team
the name of  picture is : ted.jpg and use the filter : Team
the name of  picture is : Boris-Cassel.jpg and use the filter : Team
the name of  picture is : brolaf.jpg and use the filter : Team
the name of  picture is : le-chanteur-antoine.jpg and use the filter : Team
the name of  picture is : IMG_6492.jpg and use the filter : Team
the name of  picture is : IMG_6650.jpg and use the filter : Team
the name of  picture is : ted.jpg and use the filter : Team
the name of  picture is : Boris-Cassel.jpg and use the filter : Team
the name of  picture is : brolaf.jpg and use the filter : Team
the name of  picture is : le-chanteur-antoine.jpg and use the filter : Team
the name of  picture is : IMG_6492.jpg and use the filter : Team
the name of  picture is : IMG_6650.jpg and use the filter : Team
the name of  picture is : ted.jpg and use the filter : Team
the name of  picture is : Boris-Cassel.jpg and use the filter : Team
the name of  picture is : brolaf.jpg and use the filter : Team
the name of  picture is : le-chanteur-antoine.jpg and use the filter : Team
the name of  picture is : IMG_6492.jpg and use the filter : Team
the name of  picture is : IMG_6650.jpg and use the filter : Team
the name of  picture is : ted.jpg and use the filter : Team
the name of  picture is : Boris-Cassel.jpg and use the filter : Team
the name of  picture is : brolaf.jpg and use the filter : Team
the name of  picture is : le-chanteur-antoine.jpg and use the filter : Team
the name of  picture is : IMG_6492.jpg and use the filter : Team
the name of  picture is : IMG_6650.jpg and use the filter : Team
the name of  picture is : ted.jpg and use the filter : Team
the name of  picture is : Boris-Cassel.jpg and use the filter : Team
the name of  picture is : brolaf.jpg and use the filter : Team
the name of  picture is : le-chanteur-antoine.jpg and use the filter : Team
the name of  picture is : IMG_6492.jpg and use the filter : Team
the name of  picture is : IMG_6650.jpg and use the filter : Team
the name of  picture is : ted.jpg and use the filter : Team
the name of  picture is : Boris-Cassel.jpg and use the filter : Team
the name of  picture is : brolaf.jpg and use the filter : Team
the name of  picture is : le-chanteur-antoine.jpg and use the filter : Team
the name of  picture is : IMG_6492.jpg and use the filter : Team
the name of  picture is : IMG_6650.jpg and use the filter : Team
the name of  picture is : ted.jpg and use the filter : Team
the name of  picture is : Boris-Cassel.jpg and use the filter : Team
the name of  picture is : brolaf.jpg and use the filter : Team
the name of  picture is : le-chanteur-antoine.jpg and use the filter : Team
the name of  picture is : IMG_6492.jpg and use the filter : Team
the name of  picture is : IMG_6650.jpg and use the filter : Team
the name of  picture is : ted.jpg and use the filter : Team
the name of  picture is : brolaf.jpg and use the filter : Team
the name of  picture is : le-chanteur-antoine.jpg and use the filter : Team
the name of  picture is : IMG_6492.jpg and use the filter : Team
the name of  picture is : IMG_6650.jpg and use the filter : Team
the name of  picture is : ted.jpg and use the filter : Team